<?xml version="1.0" encoding="UTF-8"?>
<!-- Generated by org.testng.reporters.JUnitXMLReporter -->
<testsuite hostname="Lenovo" ignored="0" name="Default test" tests="3" failures="0" timestamp="2022-04-26T12:24:57 IST" time="0.172" errors="0">
  <testcase name="credentials" time="0.016" classname="com.testng.Data_Provider"/>
  <testcase name="credentials" time="0.016" classname="com.testng.Data_Provider"/>
  <testcase name="credentials" time="0.015" classname="com.testng.Data_Provider"/>
</testsuite> <!-- Default test -->
