<?xml version="1.0" encoding="UTF-8"?>
<!-- Generated by org.testng.reporters.JUnitXMLReporter -->
<testsuite hostname="Lenovo" ignored="0" name="Test" tests="3" failures="0" timestamp="2022-04-27T11:40:10 IST" time="0.247" errors="0">
  <testcase name="dresses" time="0.04" classname="com.testng.Simple_Annotations"/>
  <testcase name="tshirt" time="0.003" classname="com.testng.Simple_Annotations"/>
  <testcase name="women" time="0.002" classname="com.testng.Simple_Annotations"/>
</testsuite> <!-- Test -->
