<?xml version="1.0" encoding="UTF-8"?>
<testng-results skipped="0" failed="0" ignored="0" total="3" passed="3">
  <reporter-output>
  </reporter-output>
  <suite name="Suite" duration-ms="247" started-at="2022-04-27T11:40:09 IST" finished-at="2022-04-27T11:40:10 IST">
    <groups>
    </groups>
    <test name="Test" duration-ms="247" started-at="2022-04-27T11:40:09 IST" finished-at="2022-04-27T11:40:10 IST">
      <class name="com.testng.Simple_Annotations">
        <test-method status="PASS" signature="setProperty()[pri:0, instance:com.testng.Simple_Annotations@1500955a]" name="setProperty" is-config="true" duration-ms="28" started-at="2022-04-27T11:40:09 IST" finished-at="2022-04-27T11:40:09 IST">
          <reporter-output>
          </reporter-output>
        </test-method> <!-- setProperty -->
        <test-method status="PASS" signature="launchBrowcer()[pri:0, instance:com.testng.Simple_Annotations@1500955a]" name="launchBrowcer" is-config="true" duration-ms="1" started-at="2022-04-27T11:40:09 IST" finished-at="2022-04-27T11:40:09 IST">
          <reporter-output>
          </reporter-output>
        </test-method> <!-- launchBrowcer -->
        <test-method status="PASS" signature="getUrl()[pri:0, instance:com.testng.Simple_Annotations@1500955a]" name="getUrl" is-config="true" duration-ms="0" started-at="2022-04-27T11:40:09 IST" finished-at="2022-04-27T11:40:09 IST">
          <reporter-output>
          </reporter-output>
        </test-method> <!-- getUrl -->
        <test-method status="PASS" signature="signin()[pri:0, instance:com.testng.Simple_Annotations@1500955a]" name="signin" is-config="true" duration-ms="1" started-at="2022-04-27T11:40:09 IST" finished-at="2022-04-27T11:40:09 IST">
          <reporter-output>
          </reporter-output>
        </test-method> <!-- signin -->
        <test-method status="PASS" signature="dresses()[pri:0, instance:com.testng.Simple_Annotations@1500955a]" name="dresses" duration-ms="40" started-at="2022-04-27T11:40:09 IST" finished-at="2022-04-27T11:40:10 IST">
          <reporter-output>
          </reporter-output>
        </test-method> <!-- dresses -->
        <test-method status="PASS" signature="signoff()[pri:0, instance:com.testng.Simple_Annotations@1500955a]" name="signoff" is-config="true" duration-ms="1" started-at="2022-04-27T11:40:10 IST" finished-at="2022-04-27T11:40:10 IST">
          <reporter-output>
          </reporter-output>
        </test-method> <!-- signoff -->
        <test-method status="PASS" signature="signin()[pri:0, instance:com.testng.Simple_Annotations@1500955a]" name="signin" is-config="true" duration-ms="1" started-at="2022-04-27T11:40:10 IST" finished-at="2022-04-27T11:40:10 IST">
          <reporter-output>
          </reporter-output>
        </test-method> <!-- signin -->
        <test-method status="PASS" signature="tshirt()[pri:0, instance:com.testng.Simple_Annotations@1500955a]" name="tshirt" duration-ms="3" started-at="2022-04-27T11:40:10 IST" finished-at="2022-04-27T11:40:10 IST">
          <reporter-output>
          </reporter-output>
        </test-method> <!-- tshirt -->
        <test-method status="PASS" signature="signoff()[pri:0, instance:com.testng.Simple_Annotations@1500955a]" name="signoff" is-config="true" duration-ms="1" started-at="2022-04-27T11:40:10 IST" finished-at="2022-04-27T11:40:10 IST">
          <reporter-output>
          </reporter-output>
        </test-method> <!-- signoff -->
        <test-method status="PASS" signature="signin()[pri:0, instance:com.testng.Simple_Annotations@1500955a]" name="signin" is-config="true" duration-ms="1" started-at="2022-04-27T11:40:10 IST" finished-at="2022-04-27T11:40:10 IST">
          <reporter-output>
          </reporter-output>
        </test-method> <!-- signin -->
        <test-method status="PASS" signature="women()[pri:0, instance:com.testng.Simple_Annotations@1500955a]" name="women" duration-ms="2" started-at="2022-04-27T11:40:10 IST" finished-at="2022-04-27T11:40:10 IST">
          <reporter-output>
          </reporter-output>
        </test-method> <!-- women -->
        <test-method status="PASS" signature="signoff()[pri:0, instance:com.testng.Simple_Annotations@1500955a]" name="signoff" is-config="true" duration-ms="3" started-at="2022-04-27T11:40:10 IST" finished-at="2022-04-27T11:40:10 IST">
          <reporter-output>
          </reporter-output>
        </test-method> <!-- signoff -->
        <test-method status="PASS" signature="homepage()[pri:0, instance:com.testng.Simple_Annotations@1500955a]" name="homepage" is-config="true" duration-ms="0" started-at="2022-04-27T11:40:10 IST" finished-at="2022-04-27T11:40:10 IST">
          <reporter-output>
          </reporter-output>
        </test-method> <!-- homepage -->
        <test-method status="PASS" signature="close()[pri:0, instance:com.testng.Simple_Annotations@1500955a]" name="close" is-config="true" duration-ms="1" started-at="2022-04-27T11:40:10 IST" finished-at="2022-04-27T11:40:10 IST">
          <reporter-output>
          </reporter-output>
        </test-method> <!-- close -->
        <test-method status="PASS" signature="deletecookies()[pri:0, instance:com.testng.Simple_Annotations@1500955a]" name="deletecookies" is-config="true" duration-ms="2" started-at="2022-04-27T11:40:10 IST" finished-at="2022-04-27T11:40:10 IST">
          <reporter-output>
          </reporter-output>
        </test-method> <!-- deletecookies -->
      </class> <!-- com.testng.Simple_Annotations -->
    </test> <!-- Test -->
  </suite> <!-- Suite -->
</testng-results>
