<?xml version="1.0" encoding="UTF-8"?>
<!-- Generated by org.testng.reporters.JUnitReportReporter -->
<testsuite skipped="0" hostname="Lenovo" name="com.testng.Simple_Annotations" tests="3" failures="0" timestamp="2022-04-27T11:40:10 IST" time="0.053" errors="0">
  <testcase name="women" time="0.006" classname="com.testng.Simple_Annotations"/>
  <system-out/>
  <testcase name="dresses" time="0.042" classname="com.testng.Simple_Annotations"/>
  <system-out/>
  <testcase name="tshirt" time="0.005" classname="com.testng.Simple_Annotations"/>
  <system-out/>
</testsuite> <!-- com.testng.Simple_Annotations -->
