<?xml version="1.0" encoding="UTF-8"?>
<!-- Generated by org.testng.reporters.JUnitReportReporter -->
<testsuite skipped="0" hostname="Lenovo" name="com.testng.Dependency_Case" tests="3" failures="0" timestamp="2022-04-23T18:57:55 IST" time="0.046" errors="0">
  <testcase name="getUrl" time="0.031" classname="com.testng.Dependency_Case"/>
  <system-out/>
  <testcase name="setProperty" time="0.015" classname="com.testng.Dependency_Case"/>
  <system-out/>
  <testcase name="launchBrowser" time="0.000" classname="com.testng.Dependency_Case"/>
  <system-out/>
</testsuite> <!-- com.testng.Dependency_Case -->
