<?xml version="1.0" encoding="UTF-8"?>
<!-- Generated by org.testng.reporters.JUnitReportReporter -->
<testsuite skipped="0" hostname="Lenovo" name="com.testng.Grouping_Text" tests="4" failures="0" timestamp="2022-04-26T12:12:21 IST" time="0.072" errors="0">
  <testcase name="amazon" time="0.025" classname="com.testng.Grouping_Text"/>
  <system-out/>
  <testcase name="pen" time="0.016" classname="com.testng.Grouping_Text"/>
  <system-out/>
  <testcase name="books" time="0.031" classname="com.testng.Grouping_Text"/>
  <system-out/>
  <testcase name="flipcart" time="0.000" classname="com.testng.Grouping_Text"/>
  <system-out/>
</testsuite> <!-- com.testng.Grouping_Text -->
