<?xml version="1.0" encoding="UTF-8"?>
<!-- Generated by org.testng.reporters.JUnitReportReporter -->
<testsuite skipped="0" hostname="Lenovo" name="com.testng.Priority_Test" tests="4" failures="0" timestamp="2022-04-21T21:58:43 IST" time="0.032" errors="0">
  <testcase name="setProperty" time="0.032" classname="com.testng.Priority_Test"/>
  <system-out/>
  <testcase name="login" time="0.000" classname="com.testng.Priority_Test"/>
  <system-out/>
  <testcase name="geturl" time="0.000" classname="com.testng.Priority_Test"/>
  <system-out/>
  <testcase name="launchBrowser" time="0.000" classname="com.testng.Priority_Test"/>
  <system-out/>
</testsuite> <!-- com.testng.Priority_Test -->
