<?xml version="1.0" encoding="UTF-8"?>
<!-- Generated by org.testng.reporters.JUnitReportReporter -->
<testsuite skipped="0" hostname="Lenovo" name="com.testng.Invocation_Count" tests="5" failures="0" timestamp="2022-04-23T11:43:55 IST" time="0.089" errors="0">
  <testcase name="setProperty" time="0.031" classname="com.testng.Invocation_Count"/>
  <system-out/>
  <testcase name="refresh" time="0.011" classname="com.testng.Invocation_Count"/>
  <system-out/>
  <testcase name="refresh" time="0.013" classname="com.testng.Invocation_Count"/>
  <system-out/>
  <testcase name="launchBrowser" time="0.021" classname="com.testng.Invocation_Count"/>
  <system-out/>
  <testcase name="refresh" time="0.013" classname="com.testng.Invocation_Count"/>
  <system-out/>
</testsuite> <!-- com.testng.Invocation_Count -->
