<?xml version="1.0" encoding="UTF-8"?>
<!-- Generated by org.testng.reporters.JUnitReportReporter -->
<testsuite skipped="0" hostname="Lenovo" name="com.testng.Data_Provider" tests="3" failures="0" timestamp="2022-04-26T12:24:58 IST" time="0.047" errors="0">
  <testcase name="credentials" time="0.016" classname="com.testng.Data_Provider"/>
  <system-out/>
  <testcase name="credentials" time="0.015" classname="com.testng.Data_Provider"/>
  <system-out/>
  <testcase name="credentials" time="0.016" classname="com.testng.Data_Provider"/>
  <system-out/>
</testsuite> <!-- com.testng.Data_Provider -->
