<?xml version="1.0" encoding="UTF-8"?>
<!-- Generated by org.testng.reporters.JUnitReportReporter -->
<testsuite skipped="1" hostname="Lenovo" name="com.testng.Ignore_Test" tests="3" failures="0" timestamp="2022-04-21T22:00:17 IST" time="0.016" errors="0">
  <testcase name="men" time="0.000" classname="com.testng.Ignore_Test"/>
  <system-out/>
  <testcase name="dressess" time="0.016" classname="com.testng.Ignore_Test"/>
  <system-out/>
  <testcase name="tshirt" classname="com.testng.Ignore_Test">
    <skipped/>
  </testcase> <!-- tshirt -->
  <system-out/>
</testsuite> <!-- com.testng.Ignore_Test -->
